2024-08-23 05:19:53,154 INFO Using device: cuda
2024-08-23 05:19:54,884 INFO Using 3 GPUs
2024-08-23 05:19:59,243 INFO Epoch 1, Loss: 1.9305787187572827
2024-08-23 05:20:02,893 INFO Epoch 2, Loss: 1.8777494255085558
2024-08-23 05:20:06,744 INFO Epoch 3, Loss: 1.8652192706559225
2024-08-23 05:20:10,508 INFO Epoch 4, Loss: 1.858054661808557
2024-08-23 05:20:14,253 INFO Epoch 5, Loss: 1.8528022253462793
2024-08-23 05:20:17,851 INFO Epoch 6, Loss: 1.8490144702465443
2024-08-23 05:20:21,357 INFO Epoch 7, Loss: 1.8455213952396654
2024-08-23 05:20:25,290 INFO Epoch 8, Loss: 1.8429056555484007
2024-08-23 05:20:29,180 INFO Epoch 9, Loss: 1.8404222033660675
2024-08-23 05:20:33,055 INFO Epoch 10, Loss: 1.839037806391355
2024-08-23 05:20:33,201 INFO Validation Loss: 1.838292754214743
2024-08-23 05:29:09,868 INFO Using device: cuda
2024-08-23 05:29:11,556 INFO Using 3 GPUs
2024-08-23 05:32:53,996 INFO Using device: cuda
2024-08-23 05:32:55,676 INFO Using 3 GPUs
2024-08-23 05:35:03,190 INFO Using device: cuda
2024-08-23 05:35:04,946 INFO Using 3 GPUs
2024-08-23 05:35:07,103 INFO Original mol_embeddings shape: torch.Size([4, 300])
2024-08-23 05:35:07,103 INFO Projected mol_embeddings shape: torch.Size([4, 768])
2024-08-23 05:35:07,111 INFO Original mol_embeddings shape: torch.Size([6, 300])
2024-08-23 05:35:07,112 INFO Projected mol_embeddings shape: torch.Size([6, 768])
2024-08-23 05:35:07,148 INFO Original mol_embeddings shape: torch.Size([6, 300])
2024-08-23 05:35:07,149 INFO Projected mol_embeddings shape: torch.Size([6, 768])
2024-08-23 05:37:28,166 INFO Using device: cuda
2024-08-23 05:37:29,794 INFO Using 3 GPUs
2024-08-23 05:37:32,000 INFO Original mol_embeddings shape: torch.Size([6, 300])
2024-08-23 05:37:32,004 INFO Projected mol_embeddings shape: torch.Size([6, 768])
2024-08-23 05:37:32,006 INFO Original mol_embeddings shape: torch.Size([6, 300])
2024-08-23 05:37:32,007 INFO Projected mol_embeddings shape: torch.Size([6, 768])
2024-08-23 05:37:32,035 INFO Original mol_embeddings shape: torch.Size([4, 300])
2024-08-23 05:37:32,035 INFO Projected mol_embeddings shape: torch.Size([4, 768])
2024-08-23 05:39:39,012 INFO Using device: cuda
2024-08-23 05:39:40,852 INFO Using 3 GPUs
2024-08-23 05:43:48,769 INFO Using device: cuda
2024-08-23 05:43:50,531 INFO Using 3 GPUs
2024-08-23 05:46:33,343 INFO Using device: cuda
2024-08-23 05:46:35,047 INFO Using 3 GPUs
2024-08-23 05:46:37,268 INFO Original mol_embeddings shape: torch.Size([4, 300])
2024-08-23 05:46:37,268 INFO Projected mol_embeddings shape: torch.Size([4, 768])
2024-08-23 05:46:37,275 INFO Original mol_embeddings shape: torch.Size([6, 300])
2024-08-23 05:46:37,276 INFO Projected mol_embeddings shape: torch.Size([6, 768])
2024-08-23 05:46:37,301 INFO Original mol_embeddings shape: torch.Size([6, 300])
2024-08-23 05:46:37,302 INFO Projected mol_embeddings shape: torch.Size([6, 768])
2024-08-23 05:49:03,643 INFO Using device: cuda
2024-08-23 05:49:07,447 INFO Using 3 GPUs
2024-08-23 05:49:09,689 INFO Original mol_embeddings shape: torch.Size([6, 300])
2024-08-23 05:49:09,692 INFO Projected mol_embeddings shape: torch.Size([6, 768])
2024-08-23 05:49:09,716 INFO Original mol_embeddings shape: torch.Size([4, 300])
2024-08-23 05:49:09,716 INFO Projected mol_embeddings shape: torch.Size([4, 768])
2024-08-23 05:49:09,768 INFO Original mol_embeddings shape: torch.Size([6, 300])
2024-08-23 05:49:09,769 INFO Projected mol_embeddings shape: torch.Size([6, 768])
2024-08-23 05:49:10,590 INFO Original mol_embeddings shape: torch.Size([6, 300])
2024-08-23 05:49:10,591 INFO Projected mol_embeddings shape: torch.Size([6, 768])
2024-08-23 05:49:10,591 INFO Original mol_embeddings shape: torch.Size([4, 300])
2024-08-23 05:49:10,591 INFO Projected mol_embeddings shape: torch.Size([4, 768])
2024-08-23 05:49:10,608 INFO Original mol_embeddings shape: torch.Size([6, 300])
2024-08-23 05:49:10,608 INFO Projected mol_embeddings shape: torch.Size([6, 768])
2024-08-23 05:49:11,088 INFO Original mol_embeddings shape: torch.Size([4, 300])
2024-08-23 05:49:11,089 INFO Projected mol_embeddings shape: torch.Size([4, 768])
2024-08-23 05:49:11,089 INFO Original mol_embeddings shape: torch.Size([6, 300])
2024-08-23 05:49:11,090 INFO Projected mol_embeddings shape: torch.Size([6, 768])
2024-08-23 05:49:11,090 INFO Original mol_embeddings shape: torch.Size([6, 300])
2024-08-23 05:49:11,091 INFO Projected mol_embeddings shape: torch.Size([6, 768])
2024-08-23 05:49:11,555 INFO Original mol_embeddings shape: torch.Size([4, 300])
2024-08-23 05:49:11,556 INFO Projected mol_embeddings shape: torch.Size([4, 768])
2024-08-23 05:49:11,556 INFO Original mol_embeddings shape: torch.Size([6, 300])
2024-08-23 05:49:11,556 INFO Projected mol_embeddings shape: torch.Size([6, 768])
2024-08-23 05:49:11,558 INFO Original mol_embeddings shape: torch.Size([6, 300])
2024-08-23 05:49:11,558 INFO Projected mol_embeddings shape: torch.Size([6, 768])
2024-08-23 05:49:12,025 INFO Original mol_embeddings shape: torch.Size([6, 300])
2024-08-23 05:49:12,026 INFO Projected mol_embeddings shape: torch.Size([6, 768])
2024-08-23 05:49:12,026 INFO Original mol_embeddings shape: torch.Size([4, 300])
2024-08-23 05:49:12,026 INFO Original mol_embeddings shape: torch.Size([6, 300])
2024-08-23 05:49:12,027 INFO Projected mol_embeddings shape: torch.Size([4, 768])
2024-08-23 05:49:12,027 INFO Projected mol_embeddings shape: torch.Size([6, 768])
2024-08-23 05:49:12,490 INFO Original mol_embeddings shape: torch.Size([4, 300])
2024-08-23 05:49:12,490 INFO Original mol_embeddings shape: torch.Size([6, 300])
2024-08-23 05:49:12,491 INFO Original mol_embeddings shape: torch.Size([6, 300])
2024-08-23 05:49:12,491 INFO Projected mol_embeddings shape: torch.Size([4, 768])
2024-08-23 05:49:12,491 INFO Projected mol_embeddings shape: torch.Size([6, 768])
2024-08-23 05:49:12,491 INFO Projected mol_embeddings shape: torch.Size([6, 768])
2024-08-23 05:49:13,013 INFO Original mol_embeddings shape: torch.Size([6, 300])
2024-08-23 05:49:13,013 INFO Projected mol_embeddings shape: torch.Size([6, 768])
2024-08-23 05:49:13,014 INFO Original mol_embeddings shape: torch.Size([4, 300])
2024-08-23 05:49:13,014 INFO Projected mol_embeddings shape: torch.Size([4, 768])
2024-08-23 05:49:13,015 INFO Original mol_embeddings shape: torch.Size([6, 300])
2024-08-23 05:49:13,015 INFO Projected mol_embeddings shape: torch.Size([6, 768])
2024-08-23 05:49:13,480 INFO Original mol_embeddings shape: torch.Size([6, 300])
2024-08-23 05:49:13,481 INFO Projected mol_embeddings shape: torch.Size([6, 768])
2024-08-23 05:49:13,481 INFO Original mol_embeddings shape: torch.Size([6, 300])
2024-08-23 05:49:13,481 INFO Projected mol_embeddings shape: torch.Size([6, 768])
2024-08-23 05:49:13,481 INFO Original mol_embeddings shape: torch.Size([4, 300])
2024-08-23 05:49:13,482 INFO Projected mol_embeddings shape: torch.Size([4, 768])
2024-08-23 05:49:13,985 INFO Original mol_embeddings shape: torch.Size([6, 300])
2024-08-23 05:49:13,985 INFO Projected mol_embeddings shape: torch.Size([6, 768])
2024-08-23 05:49:13,985 INFO Original mol_embeddings shape: torch.Size([6, 300])
2024-08-23 05:49:13,986 INFO Projected mol_embeddings shape: torch.Size([6, 768])
2024-08-23 05:49:13,986 INFO Original mol_embeddings shape: torch.Size([4, 300])
2024-08-23 05:49:13,986 INFO Projected mol_embeddings shape: torch.Size([4, 768])
2024-08-23 05:49:14,450 INFO Original mol_embeddings shape: torch.Size([6, 300])
2024-08-23 05:49:14,450 INFO Projected mol_embeddings shape: torch.Size([6, 768])
2024-08-23 05:49:14,450 INFO Original mol_embeddings shape: torch.Size([4, 300])
2024-08-23 05:49:14,451 INFO Original mol_embeddings shape: torch.Size([6, 300])
2024-08-23 05:49:14,451 INFO Projected mol_embeddings shape: torch.Size([4, 768])
2024-08-23 05:49:14,451 INFO Projected mol_embeddings shape: torch.Size([6, 768])
2024-08-23 05:49:14,916 INFO Original mol_embeddings shape: torch.Size([6, 300])
2024-08-23 05:49:14,916 INFO Projected mol_embeddings shape: torch.Size([6, 768])
2024-08-23 05:49:14,917 INFO Original mol_embeddings shape: torch.Size([4, 300])
2024-08-23 05:49:14,917 INFO Original mol_embeddings shape: torch.Size([6, 300])
2024-08-23 05:49:14,917 INFO Projected mol_embeddings shape: torch.Size([4, 768])
2024-08-23 05:49:14,918 INFO Projected mol_embeddings shape: torch.Size([6, 768])
2024-08-23 05:49:15,393 INFO Original mol_embeddings shape: torch.Size([6, 300])
2024-08-23 05:49:15,393 INFO Projected mol_embeddings shape: torch.Size([6, 768])
2024-08-23 05:49:15,394 INFO Original mol_embeddings shape: torch.Size([6, 300])
2024-08-23 05:49:15,394 INFO Projected mol_embeddings shape: torch.Size([6, 768])
2024-08-23 05:49:15,395 INFO Original mol_embeddings shape: torch.Size([4, 300])
2024-08-23 05:49:15,395 INFO Projected mol_embeddings shape: torch.Size([4, 768])
2024-08-23 05:49:15,926 INFO Original mol_embeddings shape: torch.Size([6, 300])
2024-08-23 05:49:15,926 INFO Projected mol_embeddings shape: torch.Size([6, 768])
2024-08-23 05:49:15,926 INFO Original mol_embeddings shape: torch.Size([4, 300])
2024-08-23 05:49:15,926 INFO Projected mol_embeddings shape: torch.Size([4, 768])
2024-08-23 05:49:15,930 INFO Original mol_embeddings shape: torch.Size([6, 300])
2024-08-23 05:49:15,930 INFO Projected mol_embeddings shape: torch.Size([6, 768])
2024-08-23 05:49:16,396 INFO Original mol_embeddings shape: torch.Size([4, 300])
2024-08-23 05:49:16,396 INFO Projected mol_embeddings shape: torch.Size([4, 768])
2024-08-23 05:49:16,397 INFO Original mol_embeddings shape: torch.Size([6, 300])
2024-08-23 05:49:16,397 INFO Projected mol_embeddings shape: torch.Size([6, 768])
2024-08-23 05:49:16,406 INFO Original mol_embeddings shape: torch.Size([6, 300])
2024-08-23 05:49:16,406 INFO Projected mol_embeddings shape: torch.Size([6, 768])
2024-08-23 05:49:16,886 INFO Original mol_embeddings shape: torch.Size([6, 300])
2024-08-23 05:49:16,887 INFO Projected mol_embeddings shape: torch.Size([6, 768])
2024-08-23 05:49:16,887 INFO Original mol_embeddings shape: torch.Size([4, 300])
2024-08-23 05:49:16,887 INFO Projected mol_embeddings shape: torch.Size([4, 768])
2024-08-23 05:49:16,887 INFO Original mol_embeddings shape: torch.Size([6, 300])
2024-08-23 05:49:16,888 INFO Projected mol_embeddings shape: torch.Size([6, 768])
2024-08-23 05:49:17,374 INFO Original mol_embeddings shape: torch.Size([6, 300])
2024-08-23 05:49:17,374 INFO Projected mol_embeddings shape: torch.Size([6, 768])
2024-08-23 05:49:17,376 INFO Original mol_embeddings shape: torch.Size([6, 300])
2024-08-23 05:49:17,376 INFO Projected mol_embeddings shape: torch.Size([6, 768])
2024-08-23 05:49:17,377 INFO Original mol_embeddings shape: torch.Size([4, 300])
2024-08-23 05:49:17,377 INFO Projected mol_embeddings shape: torch.Size([4, 768])
2024-08-23 05:49:17,832 INFO Original mol_embeddings shape: torch.Size([6, 300])
2024-08-23 05:49:17,833 INFO Original mol_embeddings shape: torch.Size([4, 300])
2024-08-23 05:49:17,833 INFO Original mol_embeddings shape: torch.Size([6, 300])
2024-08-23 05:49:17,833 INFO Projected mol_embeddings shape: torch.Size([6, 768])
2024-08-23 05:49:17,833 INFO Projected mol_embeddings shape: torch.Size([4, 768])
2024-08-23 05:49:17,833 INFO Projected mol_embeddings shape: torch.Size([6, 768])
2024-08-23 05:49:18,390 INFO Original mol_embeddings shape: torch.Size([6, 300])
2024-08-23 05:49:18,390 INFO Projected mol_embeddings shape: torch.Size([6, 768])
2024-08-23 05:49:18,392 INFO Original mol_embeddings shape: torch.Size([6, 300])
2024-08-23 05:49:18,392 INFO Projected mol_embeddings shape: torch.Size([6, 768])
2024-08-23 05:49:18,394 INFO Original mol_embeddings shape: torch.Size([4, 300])
2024-08-23 05:49:18,394 INFO Projected mol_embeddings shape: torch.Size([4, 768])
2024-08-23 05:49:18,868 INFO Original mol_embeddings shape: torch.Size([4, 300])
2024-08-23 05:49:18,868 INFO Projected mol_embeddings shape: torch.Size([4, 768])
2024-08-23 05:49:18,868 INFO Original mol_embeddings shape: torch.Size([6, 300])
2024-08-23 05:49:18,868 INFO Projected mol_embeddings shape: torch.Size([6, 768])
2024-08-23 05:49:18,872 INFO Original mol_embeddings shape: torch.Size([6, 300])
2024-08-23 05:49:18,872 INFO Projected mol_embeddings shape: torch.Size([6, 768])
2024-08-23 05:49:19,363 INFO Original mol_embeddings shape: torch.Size([4, 300])
2024-08-23 05:49:19,364 INFO Original mol_embeddings shape: torch.Size([6, 300])
2024-08-23 05:49:19,364 INFO Projected mol_embeddings shape: torch.Size([4, 768])
2024-08-23 05:49:19,364 INFO Projected mol_embeddings shape: torch.Size([6, 768])
2024-08-23 05:49:19,364 INFO Original mol_embeddings shape: torch.Size([6, 300])
2024-08-23 05:49:19,364 INFO Projected mol_embeddings shape: torch.Size([6, 768])
2024-08-23 05:49:19,826 INFO Original mol_embeddings shape: torch.Size([6, 300])
2024-08-23 05:49:19,826 INFO Original mol_embeddings shape: torch.Size([4, 300])
2024-08-23 05:49:19,826 INFO Projected mol_embeddings shape: torch.Size([6, 768])
2024-08-23 05:49:19,826 INFO Projected mol_embeddings shape: torch.Size([4, 768])
2024-08-23 05:49:19,829 INFO Original mol_embeddings shape: torch.Size([6, 300])
2024-08-23 05:49:19,829 INFO Projected mol_embeddings shape: torch.Size([6, 768])
2024-08-23 05:49:20,305 INFO Original mol_embeddings shape: torch.Size([4, 300])
2024-08-23 05:49:20,306 INFO Projected mol_embeddings shape: torch.Size([4, 768])
2024-08-23 05:49:20,306 INFO Original mol_embeddings shape: torch.Size([6, 300])
2024-08-23 05:49:20,306 INFO Projected mol_embeddings shape: torch.Size([6, 768])
2024-08-23 05:49:20,308 INFO Original mol_embeddings shape: torch.Size([6, 300])
2024-08-23 05:49:20,308 INFO Projected mol_embeddings shape: torch.Size([6, 768])
2024-08-23 05:49:20,780 INFO Original mol_embeddings shape: torch.Size([6, 300])
2024-08-23 05:49:20,780 INFO Projected mol_embeddings shape: torch.Size([6, 768])
2024-08-23 05:49:20,781 INFO Original mol_embeddings shape: torch.Size([4, 300])
2024-08-23 05:49:20,781 INFO Projected mol_embeddings shape: torch.Size([4, 768])
2024-08-23 05:49:20,781 INFO Original mol_embeddings shape: torch.Size([6, 300])
2024-08-23 05:49:20,781 INFO Projected mol_embeddings shape: torch.Size([6, 768])
2024-08-23 05:49:21,299 INFO Original mol_embeddings shape: torch.Size([4, 300])
2024-08-23 05:49:21,299 INFO Projected mol_embeddings shape: torch.Size([4, 768])
2024-08-23 05:49:21,303 INFO Original mol_embeddings shape: torch.Size([6, 300])
2024-08-23 05:49:21,303 INFO Projected mol_embeddings shape: torch.Size([6, 768])
2024-08-23 05:49:21,305 INFO Original mol_embeddings shape: torch.Size([6, 300])
2024-08-23 05:49:21,306 INFO Projected mol_embeddings shape: torch.Size([6, 768])
2024-08-23 05:49:21,824 INFO Original mol_embeddings shape: torch.Size([4, 300])
2024-08-23 05:49:21,824 INFO Projected mol_embeddings shape: torch.Size([4, 768])
2024-08-23 05:49:21,828 INFO Original mol_embeddings shape: torch.Size([6, 300])
2024-08-23 05:49:21,829 INFO Projected mol_embeddings shape: torch.Size([6, 768])
2024-08-23 05:49:21,829 INFO Original mol_embeddings shape: torch.Size([6, 300])
2024-08-23 05:49:21,829 INFO Projected mol_embeddings shape: torch.Size([6, 768])
2024-08-23 05:49:22,297 INFO Original mol_embeddings shape: torch.Size([6, 300])
2024-08-23 05:49:22,297 INFO Projected mol_embeddings shape: torch.Size([6, 768])
2024-08-23 05:49:22,297 INFO Original mol_embeddings shape: torch.Size([6, 300])
2024-08-23 05:49:22,298 INFO Projected mol_embeddings shape: torch.Size([6, 768])
2024-08-23 05:49:22,301 INFO Original mol_embeddings shape: torch.Size([4, 300])
2024-08-23 05:49:22,301 INFO Projected mol_embeddings shape: torch.Size([4, 768])
2024-08-23 05:49:22,761 INFO Original mol_embeddings shape: torch.Size([6, 300])
2024-08-23 05:49:22,761 INFO Projected mol_embeddings shape: torch.Size([6, 768])
2024-08-23 05:49:22,762 INFO Original mol_embeddings shape: torch.Size([4, 300])
2024-08-23 05:49:22,762 INFO Original mol_embeddings shape: torch.Size([6, 300])
2024-08-23 05:49:22,762 INFO Projected mol_embeddings shape: torch.Size([4, 768])
2024-08-23 05:49:22,762 INFO Projected mol_embeddings shape: torch.Size([6, 768])
2024-08-23 05:49:23,229 INFO Original mol_embeddings shape: torch.Size([6, 300])
2024-08-23 05:49:23,229 INFO Projected mol_embeddings shape: torch.Size([6, 768])
2024-08-23 05:49:23,230 INFO Original mol_embeddings shape: torch.Size([6, 300])
2024-08-23 05:49:23,230 INFO Projected mol_embeddings shape: torch.Size([6, 768])
2024-08-23 05:49:23,231 INFO Original mol_embeddings shape: torch.Size([4, 300])
2024-08-23 05:49:23,231 INFO Projected mol_embeddings shape: torch.Size([4, 768])
2024-08-23 05:49:23,700 INFO Original mol_embeddings shape: torch.Size([6, 300])
2024-08-23 05:49:23,700 INFO Projected mol_embeddings shape: torch.Size([6, 768])
2024-08-23 05:49:23,701 INFO Original mol_embeddings shape: torch.Size([6, 300])
2024-08-23 05:49:23,701 INFO Original mol_embeddings shape: torch.Size([4, 300])
2024-08-23 05:49:23,701 INFO Projected mol_embeddings shape: torch.Size([6, 768])
2024-08-23 05:49:23,701 INFO Projected mol_embeddings shape: torch.Size([4, 768])
2024-08-23 05:49:24,252 INFO Original mol_embeddings shape: torch.Size([6, 300])
2024-08-23 05:49:24,253 INFO Projected mol_embeddings shape: torch.Size([6, 768])
2024-08-23 05:49:24,253 INFO Original mol_embeddings shape: torch.Size([4, 300])
2024-08-23 05:49:24,253 INFO Projected mol_embeddings shape: torch.Size([4, 768])
2024-08-23 05:49:24,256 INFO Original mol_embeddings shape: torch.Size([6, 300])
2024-08-23 05:49:24,256 INFO Projected mol_embeddings shape: torch.Size([6, 768])
2024-08-23 05:49:24,734 INFO Original mol_embeddings shape: torch.Size([4, 300])
2024-08-23 05:49:24,734 INFO Projected mol_embeddings shape: torch.Size([4, 768])
2024-08-23 05:49:24,735 INFO Original mol_embeddings shape: torch.Size([6, 300])
2024-08-23 05:49:24,735 INFO Original mol_embeddings shape: torch.Size([6, 300])
2024-08-23 05:49:24,735 INFO Projected mol_embeddings shape: torch.Size([6, 768])
2024-08-23 05:49:24,735 INFO Projected mol_embeddings shape: torch.Size([6, 768])
2024-08-23 05:49:25,224 INFO Original mol_embeddings shape: torch.Size([4, 300])
2024-08-23 05:49:25,224 INFO Original mol_embeddings shape: torch.Size([6, 300])
2024-08-23 05:49:25,224 INFO Projected mol_embeddings shape: torch.Size([4, 768])
2024-08-23 05:49:25,225 INFO Projected mol_embeddings shape: torch.Size([6, 768])
2024-08-23 05:49:25,228 INFO Original mol_embeddings shape: torch.Size([6, 300])
2024-08-23 05:49:25,228 INFO Projected mol_embeddings shape: torch.Size([6, 768])
2024-08-23 05:49:25,698 INFO Original mol_embeddings shape: torch.Size([4, 300])
2024-08-23 05:49:25,698 INFO Projected mol_embeddings shape: torch.Size([4, 768])
2024-08-23 05:49:25,698 INFO Original mol_embeddings shape: torch.Size([6, 300])
2024-08-23 05:49:25,699 INFO Original mol_embeddings shape: torch.Size([6, 300])
2024-08-23 05:49:25,699 INFO Projected mol_embeddings shape: torch.Size([6, 768])
2024-08-23 05:49:25,699 INFO Projected mol_embeddings shape: torch.Size([6, 768])
2024-08-23 05:49:26,174 INFO Original mol_embeddings shape: torch.Size([6, 300])
2024-08-23 05:49:26,174 INFO Projected mol_embeddings shape: torch.Size([6, 768])
2024-08-23 05:49:26,174 INFO Original mol_embeddings shape: torch.Size([4, 300])
2024-08-23 05:49:26,175 INFO Projected mol_embeddings shape: torch.Size([4, 768])
2024-08-23 05:49:26,175 INFO Original mol_embeddings shape: torch.Size([6, 300])
2024-08-23 05:49:26,175 INFO Projected mol_embeddings shape: torch.Size([6, 768])
2024-08-23 05:49:26,659 INFO Original mol_embeddings shape: torch.Size([6, 300])
2024-08-23 05:49:26,659 INFO Projected mol_embeddings shape: torch.Size([6, 768])
2024-08-23 05:49:26,659 INFO Original mol_embeddings shape: torch.Size([4, 300])
2024-08-23 05:49:26,659 INFO Projected mol_embeddings shape: torch.Size([4, 768])
2024-08-23 05:49:26,660 INFO Original mol_embeddings shape: torch.Size([6, 300])
2024-08-23 05:49:26,660 INFO Projected mol_embeddings shape: torch.Size([6, 768])
2024-08-23 05:49:27,221 INFO Original mol_embeddings shape: torch.Size([6, 300])
2024-08-23 05:49:27,221 INFO Projected mol_embeddings shape: torch.Size([6, 768])
2024-08-23 05:49:27,225 INFO Original mol_embeddings shape: torch.Size([4, 300])
2024-08-23 05:49:27,225 INFO Projected mol_embeddings shape: torch.Size([4, 768])
2024-08-23 05:49:27,226 INFO Original mol_embeddings shape: torch.Size([6, 300])
2024-08-23 05:49:27,226 INFO Projected mol_embeddings shape: torch.Size([6, 768])
2024-08-23 05:49:27,674 INFO Original mol_embeddings shape: torch.Size([4, 300])
2024-08-23 05:49:27,674 INFO Projected mol_embeddings shape: torch.Size([4, 768])
2024-08-23 05:49:27,675 INFO Original mol_embeddings shape: torch.Size([6, 300])
2024-08-23 05:49:27,675 INFO Projected mol_embeddings shape: torch.Size([6, 768])
2024-08-23 05:49:27,677 INFO Original mol_embeddings shape: torch.Size([6, 300])
2024-08-23 05:49:27,677 INFO Projected mol_embeddings shape: torch.Size([6, 768])
2024-08-23 05:49:28,154 INFO Original mol_embeddings shape: torch.Size([6, 300])
2024-08-23 05:49:28,155 INFO Projected mol_embeddings shape: torch.Size([6, 768])
2024-08-23 05:49:28,155 INFO Original mol_embeddings shape: torch.Size([4, 300])
2024-08-23 05:49:28,155 INFO Projected mol_embeddings shape: torch.Size([4, 768])
2024-08-23 05:49:28,158 INFO Original mol_embeddings shape: torch.Size([6, 300])
2024-08-23 05:49:28,158 INFO Projected mol_embeddings shape: torch.Size([6, 768])
2024-08-23 05:49:28,634 INFO Original mol_embeddings shape: torch.Size([4, 300])
2024-08-23 05:49:28,634 INFO Original mol_embeddings shape: torch.Size([6, 300])
2024-08-23 05:49:28,635 INFO Projected mol_embeddings shape: torch.Size([4, 768])
2024-08-23 05:49:28,635 INFO Projected mol_embeddings shape: torch.Size([6, 768])
2024-08-23 05:49:28,635 INFO Original mol_embeddings shape: torch.Size([6, 300])
2024-08-23 05:49:28,635 INFO Projected mol_embeddings shape: torch.Size([6, 768])
2024-08-23 05:49:29,115 INFO Original mol_embeddings shape: torch.Size([6, 300])
2024-08-23 05:49:29,115 INFO Original mol_embeddings shape: torch.Size([4, 300])
2024-08-23 05:49:29,115 INFO Projected mol_embeddings shape: torch.Size([6, 768])
2024-08-23 05:49:29,115 INFO Original mol_embeddings shape: torch.Size([6, 300])
2024-08-23 05:49:29,115 INFO Projected mol_embeddings shape: torch.Size([4, 768])
2024-08-23 05:49:29,116 INFO Projected mol_embeddings shape: torch.Size([6, 768])
2024-08-23 05:49:29,596 INFO Original mol_embeddings shape: torch.Size([4, 300])
2024-08-23 05:49:29,596 INFO Projected mol_embeddings shape: torch.Size([4, 768])
2024-08-23 05:49:29,596 INFO Original mol_embeddings shape: torch.Size([6, 300])
2024-08-23 05:49:29,597 INFO Projected mol_embeddings shape: torch.Size([6, 768])
2024-08-23 05:49:29,597 INFO Original mol_embeddings shape: torch.Size([6, 300])
2024-08-23 05:49:29,597 INFO Projected mol_embeddings shape: torch.Size([6, 768])
2024-08-23 05:49:30,142 INFO Original mol_embeddings shape: torch.Size([6, 300])
2024-08-23 05:49:30,142 INFO Projected mol_embeddings shape: torch.Size([6, 768])
2024-08-23 05:49:30,143 INFO Original mol_embeddings shape: torch.Size([6, 300])
2024-08-23 05:49:30,143 INFO Projected mol_embeddings shape: torch.Size([6, 768])
2024-08-23 05:49:30,145 INFO Original mol_embeddings shape: torch.Size([4, 300])
2024-08-23 05:49:30,145 INFO Projected mol_embeddings shape: torch.Size([4, 768])
2024-08-23 05:49:30,603 INFO Original mol_embeddings shape: torch.Size([6, 300])
2024-08-23 05:49:30,603 INFO Projected mol_embeddings shape: torch.Size([6, 768])
2024-08-23 05:49:30,604 INFO Original mol_embeddings shape: torch.Size([6, 300])
2024-08-23 05:49:30,604 INFO Original mol_embeddings shape: torch.Size([4, 300])
2024-08-23 05:49:30,604 INFO Projected mol_embeddings shape: torch.Size([6, 768])
2024-08-23 05:49:30,604 INFO Projected mol_embeddings shape: torch.Size([4, 768])
2024-08-23 05:49:31,085 INFO Original mol_embeddings shape: torch.Size([6, 300])
2024-08-23 05:49:31,085 INFO Projected mol_embeddings shape: torch.Size([6, 768])
2024-08-23 05:49:31,086 INFO Original mol_embeddings shape: torch.Size([6, 300])
2024-08-23 05:49:31,086 INFO Original mol_embeddings shape: torch.Size([4, 300])
2024-08-23 05:49:31,086 INFO Projected mol_embeddings shape: torch.Size([6, 768])
2024-08-23 05:49:31,086 INFO Projected mol_embeddings shape: torch.Size([4, 768])
2024-08-23 05:49:31,573 INFO Original mol_embeddings shape: torch.Size([6, 300])
2024-08-23 05:49:31,573 INFO Projected mol_embeddings shape: torch.Size([6, 768])
2024-08-23 05:49:31,574 INFO Original mol_embeddings shape: torch.Size([6, 300])
2024-08-23 05:49:31,575 INFO Original mol_embeddings shape: torch.Size([4, 300])
2024-08-23 05:49:31,575 INFO Projected mol_embeddings shape: torch.Size([6, 768])
2024-08-23 05:49:31,575 INFO Projected mol_embeddings shape: torch.Size([4, 768])
2024-08-23 05:49:32,051 INFO Original mol_embeddings shape: torch.Size([4, 300])
2024-08-23 05:49:32,051 INFO Original mol_embeddings shape: torch.Size([6, 300])
2024-08-23 05:49:32,051 INFO Projected mol_embeddings shape: torch.Size([4, 768])
2024-08-23 05:49:32,051 INFO Original mol_embeddings shape: torch.Size([6, 300])
2024-08-23 05:49:32,051 INFO Projected mol_embeddings shape: torch.Size([6, 768])
2024-08-23 05:49:32,051 INFO Projected mol_embeddings shape: torch.Size([6, 768])
2024-08-23 05:49:32,527 INFO Original mol_embeddings shape: torch.Size([6, 300])
2024-08-23 05:49:32,528 INFO Projected mol_embeddings shape: torch.Size([6, 768])
2024-08-23 05:49:32,528 INFO Original mol_embeddings shape: torch.Size([4, 300])
2024-08-23 05:49:32,528 INFO Original mol_embeddings shape: torch.Size([6, 300])
2024-08-23 05:49:32,528 INFO Projected mol_embeddings shape: torch.Size([4, 768])
2024-08-23 05:49:32,529 INFO Projected mol_embeddings shape: torch.Size([6, 768])
2024-08-23 05:49:33,081 INFO Original mol_embeddings shape: torch.Size([6, 300])
2024-08-23 05:49:33,081 INFO Projected mol_embeddings shape: torch.Size([6, 768])
2024-08-23 05:49:33,084 INFO Original mol_embeddings shape: torch.Size([4, 300])
2024-08-23 05:49:33,084 INFO Projected mol_embeddings shape: torch.Size([4, 768])
2024-08-23 05:49:33,085 INFO Original mol_embeddings shape: torch.Size([6, 300])
2024-08-23 05:49:33,085 INFO Projected mol_embeddings shape: torch.Size([6, 768])
2024-08-23 05:49:33,551 INFO Original mol_embeddings shape: torch.Size([6, 300])
2024-08-23 05:49:33,551 INFO Projected mol_embeddings shape: torch.Size([6, 768])
2024-08-23 05:49:33,552 INFO Original mol_embeddings shape: torch.Size([4, 300])
2024-08-23 05:49:33,552 INFO Original mol_embeddings shape: torch.Size([6, 300])
2024-08-23 05:49:33,552 INFO Projected mol_embeddings shape: torch.Size([4, 768])
2024-08-23 05:49:33,552 INFO Projected mol_embeddings shape: torch.Size([6, 768])
2024-08-23 05:49:34,032 INFO Original mol_embeddings shape: torch.Size([6, 300])
2024-08-23 05:49:34,032 INFO Projected mol_embeddings shape: torch.Size([6, 768])
2024-08-23 05:49:34,033 INFO Original mol_embeddings shape: torch.Size([6, 300])
2024-08-23 05:49:34,033 INFO Original mol_embeddings shape: torch.Size([4, 300])
2024-08-23 05:49:34,033 INFO Projected mol_embeddings shape: torch.Size([6, 768])
2024-08-23 05:49:34,033 INFO Projected mol_embeddings shape: torch.Size([4, 768])
2024-08-23 05:49:34,516 INFO Original mol_embeddings shape: torch.Size([6, 300])
2024-08-23 05:49:34,516 INFO Projected mol_embeddings shape: torch.Size([6, 768])
2024-08-23 05:49:34,519 INFO Original mol_embeddings shape: torch.Size([6, 300])
2024-08-23 05:49:34,519 INFO Projected mol_embeddings shape: torch.Size([6, 768])
2024-08-23 05:49:34,520 INFO Original mol_embeddings shape: torch.Size([4, 300])
2024-08-23 05:49:34,520 INFO Projected mol_embeddings shape: torch.Size([4, 768])
2024-08-23 05:49:34,998 INFO Original mol_embeddings shape: torch.Size([4, 300])
2024-08-23 05:49:34,998 INFO Original mol_embeddings shape: torch.Size([6, 300])
2024-08-23 05:49:34,998 INFO Projected mol_embeddings shape: torch.Size([4, 768])
2024-08-23 05:49:34,998 INFO Projected mol_embeddings shape: torch.Size([6, 768])
2024-08-23 05:49:34,999 INFO Original mol_embeddings shape: torch.Size([6, 300])
2024-08-23 05:49:34,999 INFO Projected mol_embeddings shape: torch.Size([6, 768])
2024-08-23 05:49:35,480 INFO Original mol_embeddings shape: torch.Size([4, 300])
2024-08-23 05:49:35,481 INFO Projected mol_embeddings shape: torch.Size([4, 768])
2024-08-23 05:49:35,481 INFO Original mol_embeddings shape: torch.Size([6, 300])
2024-08-23 05:49:35,482 INFO Projected mol_embeddings shape: torch.Size([6, 768])
2024-08-23 05:49:35,482 INFO Original mol_embeddings shape: torch.Size([6, 300])
2024-08-23 05:49:35,482 INFO Projected mol_embeddings shape: torch.Size([6, 768])
2024-08-23 05:49:36,032 INFO Original mol_embeddings shape: torch.Size([4, 300])
2024-08-23 05:49:36,033 INFO Projected mol_embeddings shape: torch.Size([4, 768])
2024-08-23 05:49:36,033 INFO Original mol_embeddings shape: torch.Size([6, 300])
2024-08-23 05:49:36,034 INFO Projected mol_embeddings shape: torch.Size([6, 768])
2024-08-23 05:49:36,034 INFO Original mol_embeddings shape: torch.Size([6, 300])
2024-08-23 05:49:36,035 INFO Projected mol_embeddings shape: torch.Size([6, 768])
2024-08-23 05:49:36,513 INFO Original mol_embeddings shape: torch.Size([6, 300])
2024-08-23 05:49:36,513 INFO Original mol_embeddings shape: torch.Size([4, 300])
2024-08-23 05:49:36,513 INFO Projected mol_embeddings shape: torch.Size([6, 768])
2024-08-23 05:49:36,513 INFO Projected mol_embeddings shape: torch.Size([4, 768])
2024-08-23 05:49:36,517 INFO Original mol_embeddings shape: torch.Size([6, 300])
2024-08-23 05:49:36,517 INFO Projected mol_embeddings shape: torch.Size([6, 768])
2024-08-23 05:49:36,990 INFO Original mol_embeddings shape: torch.Size([6, 300])
2024-08-23 05:49:36,990 INFO Original mol_embeddings shape: torch.Size([4, 300])
2024-08-23 05:49:36,990 INFO Original mol_embeddings shape: torch.Size([6, 300])
2024-08-23 05:49:36,990 INFO Projected mol_embeddings shape: torch.Size([6, 768])
2024-08-23 05:49:36,990 INFO Projected mol_embeddings shape: torch.Size([4, 768])
2024-08-23 05:49:36,990 INFO Projected mol_embeddings shape: torch.Size([6, 768])
2024-08-23 05:49:37,454 INFO Original mol_embeddings shape: torch.Size([6, 300])
2024-08-23 05:49:37,454 INFO Projected mol_embeddings shape: torch.Size([6, 768])
2024-08-23 05:49:37,455 INFO Original mol_embeddings shape: torch.Size([4, 300])
2024-08-23 05:49:37,455 INFO Projected mol_embeddings shape: torch.Size([4, 768])
2024-08-23 05:49:37,458 INFO Original mol_embeddings shape: torch.Size([6, 300])
2024-08-23 05:49:37,459 INFO Projected mol_embeddings shape: torch.Size([6, 768])
2024-08-23 05:49:37,918 INFO Original mol_embeddings shape: torch.Size([6, 300])
2024-08-23 05:49:37,918 INFO Original mol_embeddings shape: torch.Size([6, 300])
2024-08-23 05:49:37,918 INFO Projected mol_embeddings shape: torch.Size([6, 768])
2024-08-23 05:49:37,919 INFO Projected mol_embeddings shape: torch.Size([6, 768])
2024-08-23 05:49:37,919 INFO Original mol_embeddings shape: torch.Size([4, 300])
2024-08-23 05:49:37,919 INFO Projected mol_embeddings shape: torch.Size([4, 768])
2024-08-23 05:49:38,397 INFO Original mol_embeddings shape: torch.Size([4, 300])
2024-08-23 05:49:38,398 INFO Projected mol_embeddings shape: torch.Size([4, 768])
2024-08-23 05:49:38,400 INFO Original mol_embeddings shape: torch.Size([6, 300])
2024-08-23 05:49:38,400 INFO Projected mol_embeddings shape: torch.Size([6, 768])
2024-08-23 05:49:38,403 INFO Original mol_embeddings shape: torch.Size([6, 300])
2024-08-23 05:49:38,403 INFO Projected mol_embeddings shape: torch.Size([6, 768])
2024-08-23 05:49:38,973 INFO Original mol_embeddings shape: torch.Size([4, 300])
2024-08-23 05:49:38,974 INFO Projected mol_embeddings shape: torch.Size([4, 768])
2024-08-23 05:49:38,975 INFO Original mol_embeddings shape: torch.Size([6, 300])
2024-08-23 05:49:38,975 INFO Projected mol_embeddings shape: torch.Size([6, 768])
2024-08-23 05:49:38,975 INFO Original mol_embeddings shape: torch.Size([6, 300])
2024-08-23 05:49:38,975 INFO Projected mol_embeddings shape: torch.Size([6, 768])
2024-08-23 05:49:39,430 INFO Original mol_embeddings shape: torch.Size([6, 300])
2024-08-23 05:49:39,431 INFO Original mol_embeddings shape: torch.Size([4, 300])
2024-08-23 05:49:39,431 INFO Projected mol_embeddings shape: torch.Size([6, 768])
2024-08-23 05:49:39,431 INFO Projected mol_embeddings shape: torch.Size([4, 768])
2024-08-23 05:49:39,431 INFO Original mol_embeddings shape: torch.Size([6, 300])
2024-08-23 05:49:39,431 INFO Projected mol_embeddings shape: torch.Size([6, 768])
2024-08-23 05:49:39,913 INFO Original mol_embeddings shape: torch.Size([4, 300])
2024-08-23 05:49:39,913 INFO Original mol_embeddings shape: torch.Size([6, 300])
2024-08-23 05:49:39,913 INFO Projected mol_embeddings shape: torch.Size([4, 768])
2024-08-23 05:49:39,913 INFO Projected mol_embeddings shape: torch.Size([6, 768])
2024-08-23 05:49:39,913 INFO Original mol_embeddings shape: torch.Size([6, 300])
2024-08-23 05:49:39,914 INFO Projected mol_embeddings shape: torch.Size([6, 768])
2024-08-23 05:49:40,395 INFO Original mol_embeddings shape: torch.Size([6, 300])
2024-08-23 05:49:40,395 INFO Projected mol_embeddings shape: torch.Size([6, 768])
2024-08-23 05:49:40,396 INFO Original mol_embeddings shape: torch.Size([4, 300])
2024-08-23 05:49:40,396 INFO Projected mol_embeddings shape: torch.Size([4, 768])
2024-08-23 05:49:40,396 INFO Original mol_embeddings shape: torch.Size([6, 300])
2024-08-23 05:49:40,397 INFO Projected mol_embeddings shape: torch.Size([6, 768])
2024-08-23 05:49:40,871 INFO Original mol_embeddings shape: torch.Size([6, 300])
2024-08-23 05:49:40,871 INFO Projected mol_embeddings shape: torch.Size([6, 768])
2024-08-23 05:49:40,871 INFO Original mol_embeddings shape: torch.Size([4, 300])
2024-08-23 05:49:40,872 INFO Original mol_embeddings shape: torch.Size([6, 300])
2024-08-23 05:49:40,872 INFO Projected mol_embeddings shape: torch.Size([4, 768])
2024-08-23 05:49:40,872 INFO Projected mol_embeddings shape: torch.Size([6, 768])
2024-08-23 05:49:41,336 INFO Original mol_embeddings shape: torch.Size([4, 300])
2024-08-23 05:49:41,336 INFO Original mol_embeddings shape: torch.Size([6, 300])
2024-08-23 05:49:41,336 INFO Projected mol_embeddings shape: torch.Size([4, 768])
2024-08-23 05:49:41,336 INFO Projected mol_embeddings shape: torch.Size([6, 768])
2024-08-23 05:49:41,337 INFO Original mol_embeddings shape: torch.Size([6, 300])
2024-08-23 05:49:41,337 INFO Projected mol_embeddings shape: torch.Size([6, 768])
2024-08-23 05:49:41,870 INFO Original mol_embeddings shape: torch.Size([6, 300])
2024-08-23 05:49:41,870 INFO Projected mol_embeddings shape: torch.Size([6, 768])
2024-08-23 05:49:41,873 INFO Original mol_embeddings shape: torch.Size([6, 300])
2024-08-23 05:49:41,873 INFO Projected mol_embeddings shape: torch.Size([6, 768])
2024-08-23 05:49:41,874 INFO Original mol_embeddings shape: torch.Size([4, 300])
2024-08-23 05:49:41,874 INFO Projected mol_embeddings shape: torch.Size([4, 768])
2024-08-23 05:49:42,336 INFO Original mol_embeddings shape: torch.Size([4, 300])
2024-08-23 05:49:42,337 INFO Projected mol_embeddings shape: torch.Size([4, 768])
2024-08-23 05:49:42,337 INFO Original mol_embeddings shape: torch.Size([6, 300])
2024-08-23 05:49:42,337 INFO Projected mol_embeddings shape: torch.Size([6, 768])
2024-08-23 05:49:42,338 INFO Original mol_embeddings shape: torch.Size([6, 300])
2024-08-23 05:49:42,338 INFO Projected mol_embeddings shape: torch.Size([6, 768])
2024-08-23 05:49:42,814 INFO Original mol_embeddings shape: torch.Size([6, 300])
2024-08-23 05:49:42,815 INFO Projected mol_embeddings shape: torch.Size([6, 768])
2024-08-23 05:49:42,815 INFO Original mol_embeddings shape: torch.Size([6, 300])
2024-08-23 05:49:42,815 INFO Projected mol_embeddings shape: torch.Size([6, 768])
2024-08-23 05:49:42,817 INFO Original mol_embeddings shape: torch.Size([4, 300])
2024-08-23 05:49:42,818 INFO Projected mol_embeddings shape: torch.Size([4, 768])
2024-08-23 05:49:43,282 INFO Original mol_embeddings shape: torch.Size([6, 300])
2024-08-23 05:49:43,282 INFO Projected mol_embeddings shape: torch.Size([6, 768])
2024-08-23 05:49:43,283 INFO Original mol_embeddings shape: torch.Size([6, 300])
2024-08-23 05:49:43,283 INFO Original mol_embeddings shape: torch.Size([4, 300])
2024-08-23 05:49:43,283 INFO Projected mol_embeddings shape: torch.Size([6, 768])
2024-08-23 05:49:43,283 INFO Projected mol_embeddings shape: torch.Size([4, 768])
2024-08-23 05:49:43,760 INFO Original mol_embeddings shape: torch.Size([6, 300])
2024-08-23 05:49:43,760 INFO Projected mol_embeddings shape: torch.Size([6, 768])
2024-08-23 05:49:43,760 INFO Original mol_embeddings shape: torch.Size([4, 300])
2024-08-23 05:49:43,760 INFO Projected mol_embeddings shape: torch.Size([4, 768])
2024-08-23 05:49:43,761 INFO Original mol_embeddings shape: torch.Size([6, 300])
2024-08-23 05:49:43,761 INFO Projected mol_embeddings shape: torch.Size([6, 768])
2024-08-23 05:49:44,236 INFO Original mol_embeddings shape: torch.Size([4, 300])
2024-08-23 05:49:44,236 INFO Projected mol_embeddings shape: torch.Size([4, 768])
2024-08-23 05:49:44,238 INFO Original mol_embeddings shape: torch.Size([6, 300])
2024-08-23 05:49:44,238 INFO Projected mol_embeddings shape: torch.Size([6, 768])
2024-08-23 05:49:44,239 INFO Original mol_embeddings shape: torch.Size([6, 300])
2024-08-23 05:49:44,239 INFO Projected mol_embeddings shape: torch.Size([6, 768])
2024-08-23 05:49:44,719 INFO Original mol_embeddings shape: torch.Size([6, 300])
2024-08-23 05:49:44,719 INFO Projected mol_embeddings shape: torch.Size([6, 768])
2024-08-23 05:49:44,720 INFO Original mol_embeddings shape: torch.Size([6, 300])
2024-08-23 05:49:44,720 INFO Projected mol_embeddings shape: torch.Size([6, 768])
2024-08-23 05:49:44,721 INFO Original mol_embeddings shape: torch.Size([4, 300])
2024-08-23 05:49:44,721 INFO Projected mol_embeddings shape: torch.Size([4, 768])
2024-08-23 05:49:45,196 INFO Original mol_embeddings shape: torch.Size([6, 300])
2024-08-23 05:49:45,196 INFO Projected mol_embeddings shape: torch.Size([6, 768])
2024-08-23 05:49:45,197 INFO Original mol_embeddings shape: torch.Size([4, 300])
2024-08-23 05:49:45,197 INFO Original mol_embeddings shape: torch.Size([6, 300])
2024-08-23 05:49:45,197 INFO Projected mol_embeddings shape: torch.Size([4, 768])
2024-08-23 05:49:45,197 INFO Projected mol_embeddings shape: torch.Size([6, 768])
2024-08-23 05:49:45,672 INFO Original mol_embeddings shape: torch.Size([4, 300])
2024-08-23 05:49:45,673 INFO Original mol_embeddings shape: torch.Size([6, 300])
2024-08-23 05:49:45,673 INFO Original mol_embeddings shape: torch.Size([6, 300])
2024-08-23 05:49:45,673 INFO Projected mol_embeddings shape: torch.Size([4, 768])
2024-08-23 05:49:45,673 INFO Projected mol_embeddings shape: torch.Size([6, 768])
2024-08-23 05:49:45,673 INFO Projected mol_embeddings shape: torch.Size([6, 768])
2024-08-23 05:49:46,155 INFO Original mol_embeddings shape: torch.Size([4, 300])
2024-08-23 05:49:46,155 INFO Projected mol_embeddings shape: torch.Size([4, 768])
2024-08-23 05:49:46,156 INFO Original mol_embeddings shape: torch.Size([6, 300])
2024-08-23 05:49:46,156 INFO Original mol_embeddings shape: torch.Size([6, 300])
2024-08-23 05:49:46,156 INFO Projected mol_embeddings shape: torch.Size([6, 768])
2024-08-23 05:49:46,156 INFO Projected mol_embeddings shape: torch.Size([6, 768])
2024-08-23 05:49:46,638 INFO Original mol_embeddings shape: torch.Size([6, 300])
2024-08-23 05:49:46,638 INFO Original mol_embeddings shape: torch.Size([4, 300])
2024-08-23 05:49:46,638 INFO Projected mol_embeddings shape: torch.Size([6, 768])
2024-08-23 05:49:46,638 INFO Projected mol_embeddings shape: torch.Size([4, 768])
2024-08-23 05:49:46,638 INFO Original mol_embeddings shape: torch.Size([6, 300])
2024-08-23 05:49:46,639 INFO Projected mol_embeddings shape: torch.Size([6, 768])
2024-08-23 05:49:47,129 INFO Original mol_embeddings shape: torch.Size([6, 300])
2024-08-23 05:49:47,129 INFO Projected mol_embeddings shape: torch.Size([6, 768])
2024-08-23 05:49:47,131 INFO Original mol_embeddings shape: torch.Size([4, 300])
2024-08-23 05:49:47,131 INFO Projected mol_embeddings shape: torch.Size([4, 768])
2024-08-23 05:49:47,133 INFO Original mol_embeddings shape: torch.Size([6, 300])
2024-08-23 05:49:47,134 INFO Projected mol_embeddings shape: torch.Size([6, 768])
2024-08-23 05:49:47,670 INFO Original mol_embeddings shape: torch.Size([4, 300])
2024-08-23 05:49:47,670 INFO Projected mol_embeddings shape: torch.Size([4, 768])
2024-08-23 05:49:47,671 INFO Original mol_embeddings shape: torch.Size([6, 300])
2024-08-23 05:49:47,671 INFO Projected mol_embeddings shape: torch.Size([6, 768])
2024-08-23 05:49:47,680 INFO Original mol_embeddings shape: torch.Size([6, 300])
2024-08-23 05:49:47,680 INFO Projected mol_embeddings shape: torch.Size([6, 768])
2024-08-23 05:49:48,157 INFO Original mol_embeddings shape: torch.Size([4, 300])
2024-08-23 05:49:48,157 INFO Projected mol_embeddings shape: torch.Size([4, 768])
2024-08-23 05:49:48,158 INFO Original mol_embeddings shape: torch.Size([6, 300])
2024-08-23 05:49:48,158 INFO Projected mol_embeddings shape: torch.Size([6, 768])
2024-08-23 05:49:48,158 INFO Original mol_embeddings shape: torch.Size([6, 300])
2024-08-23 05:49:48,159 INFO Projected mol_embeddings shape: torch.Size([6, 768])
2024-08-23 05:49:48,638 INFO Original mol_embeddings shape: torch.Size([6, 300])
2024-08-23 05:49:48,638 INFO Projected mol_embeddings shape: torch.Size([6, 768])
2024-08-23 05:49:48,638 INFO Original mol_embeddings shape: torch.Size([6, 300])
2024-08-23 05:49:48,638 INFO Original mol_embeddings shape: torch.Size([4, 300])
2024-08-23 05:49:48,638 INFO Projected mol_embeddings shape: torch.Size([6, 768])
2024-08-23 05:49:48,638 INFO Projected mol_embeddings shape: torch.Size([4, 768])
2024-08-23 05:49:49,127 INFO Original mol_embeddings shape: torch.Size([6, 300])
2024-08-23 05:49:49,127 INFO Projected mol_embeddings shape: torch.Size([6, 768])
2024-08-23 05:49:49,128 INFO Original mol_embeddings shape: torch.Size([6, 300])
2024-08-23 05:49:49,129 INFO Projected mol_embeddings shape: torch.Size([6, 768])
2024-08-23 05:49:49,130 INFO Original mol_embeddings shape: torch.Size([4, 300])
2024-08-23 05:49:49,130 INFO Projected mol_embeddings shape: torch.Size([4, 768])
2024-08-23 05:49:49,590 INFO Original mol_embeddings shape: torch.Size([4, 300])
2024-08-23 05:49:49,590 INFO Original mol_embeddings shape: torch.Size([6, 300])
2024-08-23 05:49:49,590 INFO Projected mol_embeddings shape: torch.Size([4, 768])
2024-08-23 05:49:49,590 INFO Original mol_embeddings shape: torch.Size([6, 300])
2024-08-23 05:49:49,590 INFO Projected mol_embeddings shape: torch.Size([6, 768])
2024-08-23 05:49:49,591 INFO Projected mol_embeddings shape: torch.Size([6, 768])
2024-08-23 05:49:50,062 INFO Original mol_embeddings shape: torch.Size([4, 300])
2024-08-23 05:49:50,062 INFO Original mol_embeddings shape: torch.Size([6, 300])
2024-08-23 05:49:50,062 INFO Projected mol_embeddings shape: torch.Size([4, 768])
2024-08-23 05:49:50,062 INFO Projected mol_embeddings shape: torch.Size([6, 768])
2024-08-23 05:49:50,063 INFO Original mol_embeddings shape: torch.Size([6, 300])
2024-08-23 05:49:50,063 INFO Projected mol_embeddings shape: torch.Size([6, 768])
2024-08-23 05:49:50,532 INFO Original mol_embeddings shape: torch.Size([4, 300])
2024-08-23 05:49:50,532 INFO Projected mol_embeddings shape: torch.Size([4, 768])
2024-08-23 05:49:50,533 INFO Original mol_embeddings shape: torch.Size([6, 300])
2024-08-23 05:49:50,533 INFO Original mol_embeddings shape: torch.Size([6, 300])
2024-08-23 05:49:50,533 INFO Projected mol_embeddings shape: torch.Size([6, 768])
2024-08-23 05:49:50,533 INFO Projected mol_embeddings shape: torch.Size([6, 768])
2024-08-23 05:49:51,000 INFO Original mol_embeddings shape: torch.Size([4, 300])
2024-08-23 05:49:51,000 INFO Projected mol_embeddings shape: torch.Size([4, 768])
2024-08-23 05:49:51,001 INFO Original mol_embeddings shape: torch.Size([6, 300])
2024-08-23 05:49:51,001 INFO Projected mol_embeddings shape: torch.Size([6, 768])
2024-08-23 05:49:51,001 INFO Original mol_embeddings shape: torch.Size([6, 300])
2024-08-23 05:49:51,001 INFO Projected mol_embeddings shape: torch.Size([6, 768])
2024-08-23 05:49:51,468 INFO Original mol_embeddings shape: torch.Size([4, 300])
2024-08-23 05:49:51,469 INFO Projected mol_embeddings shape: torch.Size([4, 768])
2024-08-23 05:49:51,469 INFO Original mol_embeddings shape: torch.Size([6, 300])
2024-08-23 05:49:51,469 INFO Original mol_embeddings shape: torch.Size([6, 300])
2024-08-23 05:49:51,469 INFO Projected mol_embeddings shape: torch.Size([6, 768])
2024-08-23 05:49:51,470 INFO Projected mol_embeddings shape: torch.Size([6, 768])
2024-08-23 05:49:51,951 INFO Original mol_embeddings shape: torch.Size([4, 300])
2024-08-23 05:49:51,951 INFO Projected mol_embeddings shape: torch.Size([4, 768])
2024-08-23 05:49:51,951 INFO Original mol_embeddings shape: torch.Size([6, 300])
2024-08-23 05:49:51,951 INFO Original mol_embeddings shape: torch.Size([6, 300])
2024-08-23 05:49:51,952 INFO Projected mol_embeddings shape: torch.Size([6, 768])
2024-08-23 05:49:51,952 INFO Projected mol_embeddings shape: torch.Size([6, 768])
2024-08-23 05:49:52,433 INFO Original mol_embeddings shape: torch.Size([4, 300])
2024-08-23 05:49:52,433 INFO Original mol_embeddings shape: torch.Size([6, 300])
2024-08-23 05:49:52,433 INFO Original mol_embeddings shape: torch.Size([6, 300])
2024-08-23 05:49:52,433 INFO Projected mol_embeddings shape: torch.Size([4, 768])
2024-08-23 05:49:52,433 INFO Projected mol_embeddings shape: torch.Size([6, 768])
2024-08-23 05:49:52,433 INFO Projected mol_embeddings shape: torch.Size([6, 768])
2024-08-23 05:49:52,916 INFO Original mol_embeddings shape: torch.Size([4, 300])
2024-08-23 05:49:52,916 INFO Original mol_embeddings shape: torch.Size([6, 300])
2024-08-23 05:49:52,916 INFO Projected mol_embeddings shape: torch.Size([4, 768])
2024-08-23 05:49:52,916 INFO Projected mol_embeddings shape: torch.Size([6, 768])
2024-08-23 05:49:52,917 INFO Original mol_embeddings shape: torch.Size([6, 300])
2024-08-23 05:49:52,917 INFO Projected mol_embeddings shape: torch.Size([6, 768])
2024-08-23 05:49:53,464 INFO Original mol_embeddings shape: torch.Size([6, 300])
2024-08-23 05:49:53,464 INFO Original mol_embeddings shape: torch.Size([4, 300])
2024-08-23 05:49:53,464 INFO Projected mol_embeddings shape: torch.Size([6, 768])
2024-08-23 05:49:53,464 INFO Projected mol_embeddings shape: torch.Size([4, 768])
2024-08-23 05:49:53,466 INFO Original mol_embeddings shape: torch.Size([6, 300])
2024-08-23 05:49:53,466 INFO Projected mol_embeddings shape: torch.Size([6, 768])
2024-08-23 05:49:53,939 INFO Original mol_embeddings shape: torch.Size([6, 300])
2024-08-23 05:49:53,939 INFO Projected mol_embeddings shape: torch.Size([6, 768])
2024-08-23 05:49:53,940 INFO Original mol_embeddings shape: torch.Size([4, 300])
2024-08-23 05:49:53,940 INFO Original mol_embeddings shape: torch.Size([6, 300])
2024-08-23 05:49:53,940 INFO Projected mol_embeddings shape: torch.Size([4, 768])
2024-08-23 05:49:53,940 INFO Projected mol_embeddings shape: torch.Size([6, 768])
2024-08-23 05:49:54,411 INFO Original mol_embeddings shape: torch.Size([4, 300])
2024-08-23 05:49:54,411 INFO Projected mol_embeddings shape: torch.Size([4, 768])
2024-08-23 05:49:54,412 INFO Original mol_embeddings shape: torch.Size([6, 300])
2024-08-23 05:49:54,412 INFO Projected mol_embeddings shape: torch.Size([6, 768])
2024-08-23 05:49:54,412 INFO Original mol_embeddings shape: torch.Size([6, 300])
2024-08-23 05:49:54,412 INFO Projected mol_embeddings shape: torch.Size([6, 768])
2024-08-23 05:49:54,877 INFO Original mol_embeddings shape: torch.Size([4, 300])
2024-08-23 05:49:54,877 INFO Projected mol_embeddings shape: torch.Size([4, 768])
2024-08-23 05:49:54,877 INFO Original mol_embeddings shape: torch.Size([6, 300])
2024-08-23 05:49:54,878 INFO Projected mol_embeddings shape: torch.Size([6, 768])
2024-08-23 05:49:54,878 INFO Original mol_embeddings shape: torch.Size([6, 300])
2024-08-23 05:49:54,878 INFO Projected mol_embeddings shape: torch.Size([6, 768])
2024-08-23 05:49:55,354 INFO Original mol_embeddings shape: torch.Size([4, 300])
2024-08-23 05:49:55,354 INFO Projected mol_embeddings shape: torch.Size([4, 768])
2024-08-23 05:49:55,354 INFO Original mol_embeddings shape: torch.Size([6, 300])
2024-08-23 05:49:55,355 INFO Original mol_embeddings shape: torch.Size([6, 300])
2024-08-23 05:49:55,355 INFO Projected mol_embeddings shape: torch.Size([6, 768])
2024-08-23 05:49:55,355 INFO Projected mol_embeddings shape: torch.Size([6, 768])
2024-08-23 05:49:55,819 INFO Original mol_embeddings shape: torch.Size([4, 300])
2024-08-23 05:49:55,819 INFO Projected mol_embeddings shape: torch.Size([4, 768])
2024-08-23 05:49:55,820 INFO Original mol_embeddings shape: torch.Size([6, 300])
2024-08-23 05:49:55,820 INFO Original mol_embeddings shape: torch.Size([6, 300])
2024-08-23 05:49:55,820 INFO Projected mol_embeddings shape: torch.Size([6, 768])
2024-08-23 05:49:55,821 INFO Projected mol_embeddings shape: torch.Size([6, 768])
2024-08-23 05:49:56,305 INFO Original mol_embeddings shape: torch.Size([4, 300])
2024-08-23 05:49:56,305 INFO Projected mol_embeddings shape: torch.Size([4, 768])
2024-08-23 05:49:56,306 INFO Original mol_embeddings shape: torch.Size([6, 300])
2024-08-23 05:49:56,306 INFO Projected mol_embeddings shape: torch.Size([6, 768])
2024-08-23 05:49:56,309 INFO Original mol_embeddings shape: torch.Size([6, 300])
2024-08-23 05:49:56,309 INFO Projected mol_embeddings shape: torch.Size([6, 768])
2024-08-23 05:49:56,780 INFO Original mol_embeddings shape: torch.Size([6, 300])
2024-08-23 05:49:56,781 INFO Projected mol_embeddings shape: torch.Size([6, 768])
2024-08-23 05:49:56,781 INFO Original mol_embeddings shape: torch.Size([6, 300])
2024-08-23 05:49:56,781 INFO Original mol_embeddings shape: torch.Size([4, 300])
2024-08-23 05:49:56,781 INFO Projected mol_embeddings shape: torch.Size([6, 768])
2024-08-23 05:49:56,781 INFO Projected mol_embeddings shape: torch.Size([4, 768])
2024-08-23 05:49:57,251 INFO Original mol_embeddings shape: torch.Size([6, 300])
2024-08-23 05:49:57,251 INFO Projected mol_embeddings shape: torch.Size([6, 768])
2024-08-23 05:49:57,252 INFO Original mol_embeddings shape: torch.Size([4, 300])
2024-08-23 05:49:57,252 INFO Original mol_embeddings shape: torch.Size([6, 300])
2024-08-23 05:49:57,252 INFO Projected mol_embeddings shape: torch.Size([4, 768])
2024-08-23 05:49:57,252 INFO Projected mol_embeddings shape: torch.Size([6, 768])
2024-08-23 05:49:57,735 INFO Original mol_embeddings shape: torch.Size([6, 300])
2024-08-23 05:49:57,735 INFO Projected mol_embeddings shape: torch.Size([6, 768])
2024-08-23 05:49:57,736 INFO Original mol_embeddings shape: torch.Size([4, 300])
2024-08-23 05:49:57,736 INFO Projected mol_embeddings shape: torch.Size([4, 768])
2024-08-23 05:49:57,737 INFO Original mol_embeddings shape: torch.Size([6, 300])
2024-08-23 05:49:57,737 INFO Projected mol_embeddings shape: torch.Size([6, 768])
2024-08-23 05:49:58,222 INFO Original mol_embeddings shape: torch.Size([6, 300])
2024-08-23 05:49:58,223 INFO Projected mol_embeddings shape: torch.Size([6, 768])
2024-08-23 05:49:58,223 INFO Original mol_embeddings shape: torch.Size([4, 300])
2024-08-23 05:49:58,223 INFO Original mol_embeddings shape: torch.Size([6, 300])
2024-08-23 05:49:58,224 INFO Projected mol_embeddings shape: torch.Size([4, 768])
2024-08-23 05:49:58,224 INFO Projected mol_embeddings shape: torch.Size([6, 768])
2024-08-23 05:49:58,706 INFO Original mol_embeddings shape: torch.Size([4, 300])
2024-08-23 05:49:58,706 INFO Original mol_embeddings shape: torch.Size([6, 300])
2024-08-23 05:49:58,706 INFO Original mol_embeddings shape: torch.Size([6, 300])
2024-08-23 05:49:58,706 INFO Projected mol_embeddings shape: torch.Size([4, 768])
2024-08-23 05:49:58,707 INFO Projected mol_embeddings shape: torch.Size([6, 768])
2024-08-23 05:49:58,707 INFO Projected mol_embeddings shape: torch.Size([6, 768])
2024-08-23 05:49:59,248 INFO Original mol_embeddings shape: torch.Size([4, 300])
2024-08-23 05:49:59,248 INFO Projected mol_embeddings shape: torch.Size([4, 768])
2024-08-23 05:49:59,251 INFO Original mol_embeddings shape: torch.Size([6, 300])
2024-08-23 05:49:59,251 INFO Projected mol_embeddings shape: torch.Size([6, 768])
2024-08-23 05:49:59,254 INFO Original mol_embeddings shape: torch.Size([6, 300])
2024-08-23 05:49:59,254 INFO Projected mol_embeddings shape: torch.Size([6, 768])
2024-08-23 05:49:59,719 INFO Original mol_embeddings shape: torch.Size([4, 300])
2024-08-23 05:49:59,719 INFO Projected mol_embeddings shape: torch.Size([4, 768])
2024-08-23 05:49:59,719 INFO Original mol_embeddings shape: torch.Size([6, 300])
2024-08-23 05:49:59,719 INFO Projected mol_embeddings shape: torch.Size([6, 768])
2024-08-23 05:49:59,720 INFO Original mol_embeddings shape: torch.Size([6, 300])
2024-08-23 05:49:59,720 INFO Projected mol_embeddings shape: torch.Size([6, 768])
2024-08-23 05:50:00,199 INFO Original mol_embeddings shape: torch.Size([6, 300])
2024-08-23 05:50:00,199 INFO Original mol_embeddings shape: torch.Size([4, 300])
2024-08-23 05:50:00,199 INFO Projected mol_embeddings shape: torch.Size([6, 768])
2024-08-23 05:50:00,199 INFO Original mol_embeddings shape: torch.Size([6, 300])
2024-08-23 05:50:00,199 INFO Projected mol_embeddings shape: torch.Size([4, 768])
2024-08-23 05:50:00,199 INFO Projected mol_embeddings shape: torch.Size([6, 768])
2024-08-23 05:50:00,685 INFO Original mol_embeddings shape: torch.Size([6, 300])
2024-08-23 05:50:00,685 INFO Original mol_embeddings shape: torch.Size([4, 300])
2024-08-23 05:50:00,689 INFO Original mol_embeddings shape: torch.Size([6, 300])
2024-08-23 05:50:00,689 INFO Projected mol_embeddings shape: torch.Size([6, 768])
2024-08-23 05:50:00,689 INFO Projected mol_embeddings shape: torch.Size([4, 768])
2024-08-23 05:50:00,689 INFO Projected mol_embeddings shape: torch.Size([6, 768])
2024-08-23 05:50:01,155 INFO Original mol_embeddings shape: torch.Size([6, 300])
2024-08-23 05:50:01,156 INFO Original mol_embeddings shape: torch.Size([4, 300])
2024-08-23 05:50:01,156 INFO Projected mol_embeddings shape: torch.Size([6, 768])
2024-08-23 05:50:01,156 INFO Projected mol_embeddings shape: torch.Size([4, 768])
2024-08-23 05:50:01,157 INFO Original mol_embeddings shape: torch.Size([6, 300])
2024-08-23 05:50:01,157 INFO Projected mol_embeddings shape: torch.Size([6, 768])
2024-08-23 05:50:01,640 INFO Original mol_embeddings shape: torch.Size([6, 300])
2024-08-23 05:50:01,641 INFO Projected mol_embeddings shape: torch.Size([6, 768])
2024-08-23 05:50:01,642 INFO Original mol_embeddings shape: torch.Size([4, 300])
2024-08-23 05:50:01,642 INFO Projected mol_embeddings shape: torch.Size([4, 768])
2024-08-23 05:50:01,643 INFO Original mol_embeddings shape: torch.Size([6, 300])
2024-08-23 05:50:01,643 INFO Projected mol_embeddings shape: torch.Size([6, 768])
2024-08-23 05:50:02,120 INFO Original mol_embeddings shape: torch.Size([4, 300])
2024-08-23 05:50:02,120 INFO Projected mol_embeddings shape: torch.Size([4, 768])
2024-08-23 05:50:02,120 INFO Original mol_embeddings shape: torch.Size([6, 300])
2024-08-23 05:50:02,120 INFO Projected mol_embeddings shape: torch.Size([6, 768])
2024-08-23 05:50:02,121 INFO Original mol_embeddings shape: torch.Size([6, 300])
2024-08-23 05:50:02,121 INFO Projected mol_embeddings shape: torch.Size([6, 768])
2024-08-23 05:50:02,593 INFO Original mol_embeddings shape: torch.Size([6, 300])
2024-08-23 05:50:02,594 INFO Projected mol_embeddings shape: torch.Size([6, 768])
2024-08-23 05:50:02,594 INFO Original mol_embeddings shape: torch.Size([6, 300])
2024-08-23 05:50:02,594 INFO Projected mol_embeddings shape: torch.Size([6, 768])
2024-08-23 05:50:02,595 INFO Original mol_embeddings shape: torch.Size([4, 300])
2024-08-23 05:50:02,595 INFO Projected mol_embeddings shape: torch.Size([4, 768])
2024-08-23 05:50:03,078 INFO Original mol_embeddings shape: torch.Size([6, 300])
2024-08-23 05:50:03,078 INFO Projected mol_embeddings shape: torch.Size([6, 768])
2024-08-23 05:50:03,078 INFO Original mol_embeddings shape: torch.Size([6, 300])
2024-08-23 05:50:03,078 INFO Projected mol_embeddings shape: torch.Size([6, 768])
2024-08-23 05:50:03,080 INFO Original mol_embeddings shape: torch.Size([4, 300])
2024-08-23 05:50:03,080 INFO Projected mol_embeddings shape: torch.Size([4, 768])
2024-08-23 05:50:03,565 INFO Original mol_embeddings shape: torch.Size([4, 300])
2024-08-23 05:50:03,565 INFO Original mol_embeddings shape: torch.Size([6, 300])
2024-08-23 05:50:03,565 INFO Projected mol_embeddings shape: torch.Size([4, 768])
2024-08-23 05:50:03,565 INFO Projected mol_embeddings shape: torch.Size([6, 768])
2024-08-23 05:50:03,566 INFO Original mol_embeddings shape: torch.Size([6, 300])
2024-08-23 05:50:03,566 INFO Projected mol_embeddings shape: torch.Size([6, 768])
2024-08-23 05:50:04,045 INFO Original mol_embeddings shape: torch.Size([6, 300])
2024-08-23 05:50:04,046 INFO Projected mol_embeddings shape: torch.Size([6, 768])
2024-08-23 05:50:04,046 INFO Original mol_embeddings shape: torch.Size([6, 300])
2024-08-23 05:50:04,046 INFO Original mol_embeddings shape: torch.Size([4, 300])
2024-08-23 05:50:04,046 INFO Projected mol_embeddings shape: torch.Size([6, 768])
2024-08-23 05:50:04,046 INFO Projected mol_embeddings shape: torch.Size([4, 768])
2024-08-23 05:50:04,515 INFO Original mol_embeddings shape: torch.Size([6, 300])
2024-08-23 05:50:04,516 INFO Original mol_embeddings shape: torch.Size([4, 300])
2024-08-23 05:50:04,516 INFO Original mol_embeddings shape: torch.Size([6, 300])
2024-08-23 05:50:04,516 INFO Projected mol_embeddings shape: torch.Size([6, 768])
2024-08-23 05:50:04,516 INFO Projected mol_embeddings shape: torch.Size([4, 768])
2024-08-23 05:50:04,516 INFO Projected mol_embeddings shape: torch.Size([6, 768])
2024-08-23 05:50:05,074 INFO Original mol_embeddings shape: torch.Size([4, 300])
2024-08-23 05:50:05,074 INFO Projected mol_embeddings shape: torch.Size([4, 768])
2024-08-23 05:50:05,075 INFO Original mol_embeddings shape: torch.Size([6, 300])
2024-08-23 05:50:05,076 INFO Projected mol_embeddings shape: torch.Size([6, 768])
2024-08-23 05:50:05,076 INFO Original mol_embeddings shape: torch.Size([6, 300])
2024-08-23 05:50:05,076 INFO Projected mol_embeddings shape: torch.Size([6, 768])
2024-08-23 05:50:05,557 INFO Original mol_embeddings shape: torch.Size([6, 300])
2024-08-23 05:50:05,557 INFO Projected mol_embeddings shape: torch.Size([6, 768])
2024-08-23 05:50:05,558 INFO Original mol_embeddings shape: torch.Size([4, 300])
2024-08-23 05:50:05,558 INFO Projected mol_embeddings shape: torch.Size([4, 768])
2024-08-23 05:50:05,558 INFO Original mol_embeddings shape: torch.Size([6, 300])
2024-08-23 05:50:05,558 INFO Projected mol_embeddings shape: torch.Size([6, 768])
2024-08-23 05:50:06,038 INFO Original mol_embeddings shape: torch.Size([6, 300])
2024-08-23 05:50:06,038 INFO Projected mol_embeddings shape: torch.Size([6, 768])
2024-08-23 05:50:06,039 INFO Original mol_embeddings shape: torch.Size([4, 300])
2024-08-23 05:50:06,039 INFO Original mol_embeddings shape: torch.Size([6, 300])
2024-08-23 05:50:06,039 INFO Projected mol_embeddings shape: torch.Size([4, 768])
2024-08-23 05:50:06,039 INFO Projected mol_embeddings shape: torch.Size([6, 768])
2024-08-23 05:50:06,521 INFO Original mol_embeddings shape: torch.Size([6, 300])
2024-08-23 05:50:06,521 INFO Projected mol_embeddings shape: torch.Size([6, 768])
2024-08-23 05:50:06,522 INFO Original mol_embeddings shape: torch.Size([6, 300])
2024-08-23 05:50:06,522 INFO Original mol_embeddings shape: torch.Size([4, 300])
2024-08-23 05:50:06,522 INFO Projected mol_embeddings shape: torch.Size([6, 768])
2024-08-23 05:50:06,522 INFO Projected mol_embeddings shape: torch.Size([4, 768])
2024-08-23 05:50:06,993 INFO Original mol_embeddings shape: torch.Size([4, 300])
2024-08-23 05:50:06,993 INFO Original mol_embeddings shape: torch.Size([6, 300])
2024-08-23 05:50:06,994 INFO Projected mol_embeddings shape: torch.Size([4, 768])
2024-08-23 05:50:06,994 INFO Original mol_embeddings shape: torch.Size([6, 300])
2024-08-23 05:50:06,994 INFO Projected mol_embeddings shape: torch.Size([6, 768])
2024-08-23 05:50:06,994 INFO Projected mol_embeddings shape: torch.Size([6, 768])
2024-08-23 05:50:07,477 INFO Original mol_embeddings shape: torch.Size([4, 300])
2024-08-23 05:50:07,478 INFO Projected mol_embeddings shape: torch.Size([4, 768])
2024-08-23 05:50:07,478 INFO Original mol_embeddings shape: torch.Size([6, 300])
2024-08-23 05:50:07,479 INFO Projected mol_embeddings shape: torch.Size([6, 768])
2024-08-23 05:50:07,480 INFO Original mol_embeddings shape: torch.Size([6, 300])
2024-08-23 05:50:07,480 INFO Projected mol_embeddings shape: torch.Size([6, 768])
2024-08-23 05:50:07,970 INFO Original mol_embeddings shape: torch.Size([6, 300])
2024-08-23 05:50:07,970 INFO Projected mol_embeddings shape: torch.Size([6, 768])
2024-08-23 05:50:07,972 INFO Original mol_embeddings shape: torch.Size([4, 300])
2024-08-23 05:50:07,972 INFO Projected mol_embeddings shape: torch.Size([4, 768])
2024-08-23 05:50:07,978 INFO Original mol_embeddings shape: torch.Size([6, 300])
2024-08-23 05:50:07,978 INFO Projected mol_embeddings shape: torch.Size([6, 768])
2024-08-23 05:50:08,451 INFO Original mol_embeddings shape: torch.Size([6, 300])
2024-08-23 05:50:08,451 INFO Projected mol_embeddings shape: torch.Size([6, 768])
2024-08-23 05:50:08,452 INFO Original mol_embeddings shape: torch.Size([6, 300])
2024-08-23 05:50:08,452 INFO Projected mol_embeddings shape: torch.Size([6, 768])
2024-08-23 05:50:08,453 INFO Original mol_embeddings shape: torch.Size([4, 300])
2024-08-23 05:50:08,453 INFO Projected mol_embeddings shape: torch.Size([4, 768])
2024-08-23 05:50:08,932 INFO Original mol_embeddings shape: torch.Size([4, 300])
2024-08-23 05:50:08,933 INFO Projected mol_embeddings shape: torch.Size([4, 768])
2024-08-23 05:50:08,933 INFO Original mol_embeddings shape: torch.Size([6, 300])
2024-08-23 05:50:08,933 INFO Projected mol_embeddings shape: torch.Size([6, 768])
2024-08-23 05:50:08,934 INFO Original mol_embeddings shape: torch.Size([6, 300])
2024-08-23 05:50:08,934 INFO Projected mol_embeddings shape: torch.Size([6, 768])
2024-08-23 05:50:09,426 INFO Original mol_embeddings shape: torch.Size([6, 300])
2024-08-23 05:50:09,426 INFO Projected mol_embeddings shape: torch.Size([6, 768])
2024-08-23 05:50:09,427 INFO Original mol_embeddings shape: torch.Size([6, 300])
2024-08-23 05:50:09,427 INFO Projected mol_embeddings shape: torch.Size([6, 768])
2024-08-23 05:50:09,431 INFO Original mol_embeddings shape: torch.Size([4, 300])
2024-08-23 05:50:09,431 INFO Projected mol_embeddings shape: torch.Size([4, 768])
2024-08-23 05:50:09,884 INFO Original mol_embeddings shape: torch.Size([4, 300])
2024-08-23 05:50:09,884 INFO Projected mol_embeddings shape: torch.Size([4, 768])
2024-08-23 05:50:09,885 INFO Original mol_embeddings shape: torch.Size([6, 300])
2024-08-23 05:50:09,885 INFO Projected mol_embeddings shape: torch.Size([6, 768])
2024-08-23 05:50:09,885 INFO Original mol_embeddings shape: torch.Size([6, 300])
2024-08-23 05:50:09,885 INFO Projected mol_embeddings shape: torch.Size([6, 768])
2024-08-23 05:50:10,374 INFO Original mol_embeddings shape: torch.Size([6, 300])
2024-08-23 05:50:10,374 INFO Projected mol_embeddings shape: torch.Size([6, 768])
2024-08-23 05:50:10,377 INFO Original mol_embeddings shape: torch.Size([4, 300])
2024-08-23 05:50:10,377 INFO Projected mol_embeddings shape: torch.Size([4, 768])
2024-08-23 05:50:10,381 INFO Original mol_embeddings shape: torch.Size([6, 300])
2024-08-23 05:50:10,381 INFO Projected mol_embeddings shape: torch.Size([6, 768])
2024-08-23 05:50:10,916 INFO Original mol_embeddings shape: torch.Size([6, 300])
2024-08-23 05:50:10,916 INFO Projected mol_embeddings shape: torch.Size([6, 768])
2024-08-23 05:50:10,919 INFO Original mol_embeddings shape: torch.Size([4, 300])
2024-08-23 05:50:10,919 INFO Projected mol_embeddings shape: torch.Size([4, 768])
2024-08-23 05:50:10,920 INFO Original mol_embeddings shape: torch.Size([6, 300])
2024-08-23 05:50:10,920 INFO Projected mol_embeddings shape: torch.Size([6, 768])
2024-08-23 05:50:11,389 INFO Original mol_embeddings shape: torch.Size([4, 300])
2024-08-23 05:50:11,390 INFO Projected mol_embeddings shape: torch.Size([4, 768])
2024-08-23 05:50:11,392 INFO Original mol_embeddings shape: torch.Size([6, 300])
2024-08-23 05:50:11,392 INFO Projected mol_embeddings shape: torch.Size([6, 768])
2024-08-23 05:50:11,392 INFO Original mol_embeddings shape: torch.Size([6, 300])
2024-08-23 05:50:11,392 INFO Projected mol_embeddings shape: torch.Size([6, 768])
2024-08-23 05:50:11,854 INFO Original mol_embeddings shape: torch.Size([6, 300])
2024-08-23 05:50:11,854 INFO Projected mol_embeddings shape: torch.Size([6, 768])
2024-08-23 05:50:11,854 INFO Original mol_embeddings shape: torch.Size([4, 300])
2024-08-23 05:50:11,855 INFO Projected mol_embeddings shape: torch.Size([4, 768])
2024-08-23 05:50:11,855 INFO Original mol_embeddings shape: torch.Size([6, 300])
2024-08-23 05:50:11,855 INFO Projected mol_embeddings shape: torch.Size([6, 768])
2024-08-23 05:50:12,336 INFO Original mol_embeddings shape: torch.Size([6, 300])
2024-08-23 05:50:12,336 INFO Projected mol_embeddings shape: torch.Size([6, 768])
2024-08-23 05:50:12,336 INFO Original mol_embeddings shape: torch.Size([4, 300])
2024-08-23 05:50:12,336 INFO Projected mol_embeddings shape: torch.Size([4, 768])
2024-08-23 05:50:12,343 INFO Original mol_embeddings shape: torch.Size([6, 300])
2024-08-23 05:50:12,343 INFO Projected mol_embeddings shape: torch.Size([6, 768])
2024-08-23 05:50:12,810 INFO Original mol_embeddings shape: torch.Size([4, 300])
2024-08-23 05:50:12,810 INFO Projected mol_embeddings shape: torch.Size([4, 768])
2024-08-23 05:50:12,810 INFO Original mol_embeddings shape: torch.Size([6, 300])
2024-08-23 05:50:12,811 INFO Projected mol_embeddings shape: torch.Size([6, 768])
2024-08-23 05:50:12,811 INFO Original mol_embeddings shape: torch.Size([6, 300])
2024-08-23 05:50:12,811 INFO Projected mol_embeddings shape: torch.Size([6, 768])
2024-08-23 05:50:13,277 INFO Original mol_embeddings shape: torch.Size([4, 300])
2024-08-23 05:50:13,277 INFO Original mol_embeddings shape: torch.Size([6, 300])
2024-08-23 05:50:13,277 INFO Projected mol_embeddings shape: torch.Size([4, 768])
2024-08-23 05:50:13,277 INFO Projected mol_embeddings shape: torch.Size([6, 768])
2024-08-23 05:50:13,277 INFO Original mol_embeddings shape: torch.Size([6, 300])
2024-08-23 05:50:13,278 INFO Projected mol_embeddings shape: torch.Size([6, 768])
2024-08-23 05:50:13,758 INFO Original mol_embeddings shape: torch.Size([6, 300])
2024-08-23 05:50:13,758 INFO Projected mol_embeddings shape: torch.Size([6, 768])
2024-08-23 05:50:13,759 INFO Original mol_embeddings shape: torch.Size([4, 300])
2024-08-23 05:50:13,759 INFO Projected mol_embeddings shape: torch.Size([4, 768])
2024-08-23 05:50:13,759 INFO Original mol_embeddings shape: torch.Size([6, 300])
2024-08-23 05:50:13,760 INFO Projected mol_embeddings shape: torch.Size([6, 768])
2024-08-23 05:50:20,541 INFO Using device: cuda
2024-08-23 05:50:23,465 INFO Using 3 GPUs
2024-08-23 05:59:34,747 INFO Using device: cuda
2024-08-23 05:59:36,675 INFO Using 3 GPUs
2024-08-23 06:03:20,398 INFO Using device: cuda
2024-08-23 06:03:22,186 INFO Using 3 GPUs
2024-08-23 06:22:41,692 INFO Epoch 1, Loss: 1.7913252059652327
2024-08-23 06:36:08,596 INFO Epoch 2, Loss: 1.5296998637001273
2024-08-23 06:49:33,289 INFO Epoch 3, Loss: 1.460830383196807
2024-08-23 07:02:57,985 INFO Epoch 4, Loss: 1.4145746954566127
2024-08-23 07:21:46,127 INFO Using device: cuda
2024-08-23 07:21:48,080 INFO Using 3 GPUs
2024-08-23 07:35:22,319 INFO Epoch 1, Loss: 1.7939486233557014
2024-08-23 07:37:00,852 INFO Using device: cuda
2024-08-23 07:37:02,535 INFO Using 3 GPUs
2024-08-23 07:50:37,365 INFO Epoch 1, Loss: 1.787260210131386
2024-08-23 07:50:43,666 INFO Model saved to /mnt/nfs-ssd/data/yushuyang/alignment/alignment_model_epoch_1.pth
2024-08-23 08:04:12,714 INFO Epoch 2, Loss: 1.526812947785616
2024-08-23 08:04:18,893 INFO Model saved to /mnt/nfs-ssd/data/yushuyang/alignment/alignment_model_epoch_2.pth
2024-08-23 08:17:52,377 INFO Epoch 3, Loss: 1.4598811029449223
2024-08-23 08:17:58,539 INFO Model saved to /mnt/nfs-ssd/data/yushuyang/alignment/alignment_model_epoch_3.pth
2024-08-23 08:31:31,819 INFO Epoch 4, Loss: 1.4139925570721918
2024-08-23 08:31:38,198 INFO Model saved to /mnt/nfs-ssd/data/yushuyang/alignment/alignment_model_epoch_4.pth
2024-08-23 08:45:11,143 INFO Epoch 5, Loss: 1.3801783514629342
2024-08-23 08:45:17,204 INFO Model saved to /mnt/nfs-ssd/data/yushuyang/alignment/alignment_model_epoch_5.pth
2024-08-23 08:58:52,090 INFO Epoch 6, Loss: 1.356189075922836
2024-08-23 08:58:57,516 INFO Model saved to /mnt/nfs-ssd/data/yushuyang/alignment/alignment_model_epoch_6.pth
2024-08-23 09:12:33,148 INFO Epoch 7, Loss: 1.3375757684280192
2024-08-23 09:13:39,263 INFO Model saved to /mnt/nfs-ssd/data/yushuyang/alignment/alignment_model_epoch_7.pth
2024-08-23 09:27:08,706 INFO Epoch 8, Loss: 1.3262081629286961
2024-08-23 09:27:13,898 INFO Model saved to /mnt/nfs-ssd/data/yushuyang/alignment/alignment_model_epoch_8.pth
2024-08-23 09:40:50,140 INFO Epoch 9, Loss: 1.3166632359133281
2024-08-23 09:40:55,120 INFO Model saved to /mnt/nfs-ssd/data/yushuyang/alignment/alignment_model_epoch_9.pth
2024-08-23 09:54:31,012 INFO Epoch 10, Loss: 1.3036206770780807
2024-08-23 09:54:36,088 INFO Model saved to /mnt/nfs-ssd/data/yushuyang/alignment/alignment_model_epoch_10.pth
2024-08-24 02:49:10,270 INFO Using device: cuda
2024-08-24 02:49:11,745 INFO Using 3 GPUs
2024-08-24 03:02:42,956 INFO Epoch 1, Loss: 1.7961499202908493
2024-08-24 03:02:49,435 INFO Model saved to /mnt/nfs-ssd/data/yushuyang/alignment/alignment_model_epoch_1.pth
2024-08-24 03:16:22,258 INFO Epoch 2, Loss: 1.5310103753203699
2024-08-24 03:16:26,861 INFO Model saved to /mnt/nfs-ssd/data/yushuyang/alignment/alignment_model_epoch_2.pth
2024-08-24 03:30:00,354 INFO Epoch 3, Loss: 1.4598011320681372
2024-08-24 03:30:05,813 INFO Model saved to /mnt/nfs-ssd/data/yushuyang/alignment/alignment_model_epoch_3.pth
2024-08-24 03:43:38,901 INFO Epoch 4, Loss: 1.4162975946821494
2024-08-24 03:43:44,564 INFO Model saved to /mnt/nfs-ssd/data/yushuyang/alignment/alignment_model_epoch_4.pth
2024-08-24 03:57:17,239 INFO Epoch 5, Loss: 1.386615713172649
2024-08-24 03:57:23,578 INFO Model saved to /mnt/nfs-ssd/data/yushuyang/alignment/alignment_model_epoch_5.pth
2024-08-24 04:10:55,972 INFO Epoch 6, Loss: 1.3660781557526753
2024-08-24 04:11:02,515 INFO Model saved to /mnt/nfs-ssd/data/yushuyang/alignment/alignment_model_epoch_6.pth
2024-08-24 04:24:34,766 INFO Epoch 7, Loss: 1.3455132676355048
2024-08-24 04:24:39,603 INFO Model saved to /mnt/nfs-ssd/data/yushuyang/alignment/alignment_model_epoch_7.pth
2024-08-24 04:38:11,887 INFO Epoch 8, Loss: 1.3254411744031669
2024-08-24 04:38:18,487 INFO Model saved to /mnt/nfs-ssd/data/yushuyang/alignment/alignment_model_epoch_8.pth
2024-08-24 04:51:50,292 INFO Epoch 9, Loss: 1.3100495762279147
2024-08-24 04:51:56,735 INFO Model saved to /mnt/nfs-ssd/data/yushuyang/alignment/alignment_model_epoch_9.pth
2024-08-24 05:05:29,066 INFO Epoch 10, Loss: 1.302398979194521
2024-08-24 05:05:34,722 INFO Model saved to /mnt/nfs-ssd/data/yushuyang/alignment/alignment_model_epoch_10.pth
2024-08-24 05:19:06,932 INFO Epoch 11, Loss: 1.2893933627476915
2024-08-24 05:19:11,974 INFO Model saved to /mnt/nfs-ssd/data/yushuyang/alignment/alignment_model_epoch_11.pth
2024-08-24 05:32:44,372 INFO Epoch 12, Loss: 1.2817900754118745
2024-08-24 05:32:50,911 INFO Model saved to /mnt/nfs-ssd/data/yushuyang/alignment/alignment_model_epoch_12.pth
2024-08-24 05:46:22,714 INFO Epoch 13, Loss: 1.273011999733877
2024-08-24 05:46:28,350 INFO Model saved to /mnt/nfs-ssd/data/yushuyang/alignment/alignment_model_epoch_13.pth
2024-08-24 06:00:00,441 INFO Epoch 14, Loss: 1.2658147769289114
2024-08-24 06:00:06,798 INFO Model saved to /mnt/nfs-ssd/data/yushuyang/alignment/alignment_model_epoch_14.pth
2024-08-24 06:13:37,991 INFO Epoch 15, Loss: 1.258374651116649
2024-08-24 06:13:43,174 INFO Model saved to /mnt/nfs-ssd/data/yushuyang/alignment/alignment_model_epoch_15.pth
2024-08-24 06:27:14,312 INFO Epoch 16, Loss: 1.257271223397489
2024-08-24 06:27:20,929 INFO Model saved to /mnt/nfs-ssd/data/yushuyang/alignment/alignment_model_epoch_16.pth
2024-08-24 06:40:52,697 INFO Epoch 17, Loss: 1.2467446509886337
2024-08-24 06:40:59,161 INFO Model saved to /mnt/nfs-ssd/data/yushuyang/alignment/alignment_model_epoch_17.pth
2024-08-24 06:54:31,071 INFO Epoch 18, Loss: 1.240332346912733
2024-08-24 06:54:36,725 INFO Model saved to /mnt/nfs-ssd/data/yushuyang/alignment/alignment_model_epoch_18.pth
2024-08-24 07:08:08,208 INFO Epoch 19, Loss: 1.2344396733862208
2024-08-24 07:08:14,588 INFO Model saved to /mnt/nfs-ssd/data/yushuyang/alignment/alignment_model_epoch_19.pth
2024-08-24 07:21:46,288 INFO Epoch 20, Loss: 1.227165353579784
2024-08-24 07:21:52,710 INFO Model saved to /mnt/nfs-ssd/data/yushuyang/alignment/alignment_model_epoch_20.pth
2024-08-24 07:35:24,468 INFO Epoch 21, Loss: 1.2226651320668296
2024-08-24 07:35:31,544 INFO Model saved to /mnt/nfs-ssd/data/yushuyang/alignment/alignment_model_epoch_21.pth
2024-08-24 07:49:03,616 INFO Epoch 22, Loss: 1.217024963707869
2024-08-24 07:49:09,329 INFO Model saved to /mnt/nfs-ssd/data/yushuyang/alignment/alignment_model_epoch_22.pth
2024-08-24 08:02:42,410 INFO Epoch 23, Loss: 1.2164348192752166
2024-08-24 08:02:48,950 INFO Model saved to /mnt/nfs-ssd/data/yushuyang/alignment/alignment_model_epoch_23.pth
2024-08-24 08:16:21,739 INFO Epoch 24, Loss: 1.2099003724298067
2024-08-24 08:16:28,105 INFO Model saved to /mnt/nfs-ssd/data/yushuyang/alignment/alignment_model_epoch_24.pth
2024-08-24 08:30:00,027 INFO Epoch 25, Loss: 1.2081627375714206
2024-08-24 08:30:06,099 INFO Model saved to /mnt/nfs-ssd/data/yushuyang/alignment/alignment_model_epoch_25.pth
2024-08-24 08:43:38,826 INFO Epoch 26, Loss: 1.2015124869519909
2024-08-24 08:43:45,081 INFO Model saved to /mnt/nfs-ssd/data/yushuyang/alignment/alignment_model_epoch_26.pth
2024-08-24 08:57:16,369 INFO Epoch 27, Loss: 1.2003080703358735
2024-08-24 08:57:22,686 INFO Model saved to /mnt/nfs-ssd/data/yushuyang/alignment/alignment_model_epoch_27.pth
2024-08-24 09:10:53,954 INFO Epoch 28, Loss: 1.198417374179408
2024-08-24 09:11:00,566 INFO Model saved to /mnt/nfs-ssd/data/yushuyang/alignment/alignment_model_epoch_28.pth
2024-08-24 09:24:32,859 INFO Epoch 29, Loss: 1.192628537684336
2024-08-24 09:24:37,835 INFO Model saved to /mnt/nfs-ssd/data/yushuyang/alignment/alignment_model_epoch_29.pth
2024-08-24 09:38:08,923 INFO Epoch 30, Loss: 1.190852611083684
2024-08-24 09:38:15,438 INFO Model saved to /mnt/nfs-ssd/data/yushuyang/alignment/alignment_model_epoch_30.pth
2024-08-24 10:06:43,685 INFO Using device: cuda
2024-08-24 10:06:45,273 INFO Using 8 GPUs
2024-08-24 10:21:32,507 INFO Using device: cuda
2024-08-24 10:21:34,034 INFO Using 3 GPUs
2024-08-24 10:35:05,139 INFO Epoch 1, Loss: 1.7894239794623124
2024-08-24 10:48:34,891 INFO Epoch 2, Loss: 1.5330170812497061
2024-08-24 11:02:04,204 INFO Epoch 3, Loss: 1.4550898080880104
2024-08-24 11:15:35,129 INFO Epoch 4, Loss: 1.4117250499546274
2024-08-24 11:29:05,562 INFO Epoch 5, Loss: 1.3866774113087277
2024-08-24 11:42:36,760 INFO Epoch 6, Loss: 1.359433280273613
2024-08-24 11:56:08,750 INFO Epoch 7, Loss: 1.3389298948354968
2024-08-24 12:09:42,046 INFO Epoch 8, Loss: 1.3255137549538385
2024-08-24 12:23:14,867 INFO Epoch 9, Loss: 1.3137335178709117
2024-08-24 12:36:48,742 INFO Epoch 10, Loss: 1.301224099947134
2024-08-24 12:50:22,022 INFO Epoch 11, Loss: 1.294798595771004
2024-08-24 13:03:56,439 INFO Epoch 12, Loss: 1.2773902529589989
2024-08-24 13:17:29,308 INFO Epoch 13, Loss: 1.274069735889793
2024-08-24 13:31:01,177 INFO Epoch 14, Loss: 1.264187603918153
2024-08-24 13:44:34,649 INFO Epoch 15, Loss: 1.2617783667750968
2024-08-24 13:58:05,846 INFO Epoch 16, Loss: 1.2502911007093849
2024-08-24 14:11:38,499 INFO Epoch 17, Loss: 1.2442582990096454
2024-08-24 14:25:09,344 INFO Epoch 18, Loss: 1.2409176834419524
2024-08-24 14:38:40,084 INFO Epoch 19, Loss: 1.2347339003249271
2024-08-24 14:52:09,601 INFO Epoch 20, Loss: 1.229251550624473
2024-08-24 15:05:41,928 INFO Epoch 21, Loss: 1.224406591406163
2024-08-24 15:19:14,136 INFO Epoch 22, Loss: 1.2191892176379153
2024-08-24 15:32:45,541 INFO Epoch 23, Loss: 1.2161841318146667
2024-08-24 15:46:17,109 INFO Epoch 24, Loss: 1.2087359959829367
2024-08-24 15:59:48,383 INFO Epoch 25, Loss: 1.205669033390186
2024-08-24 16:13:19,615 INFO Epoch 26, Loss: 1.204169411647688
2024-08-24 16:26:51,473 INFO Epoch 27, Loss: 1.198898610384229
2024-08-24 16:40:20,816 INFO Epoch 28, Loss: 1.2028174249061594
2024-08-24 16:53:50,314 INFO Epoch 29, Loss: 1.1934447535451869
2024-08-24 17:07:21,543 INFO Epoch 30, Loss: 1.1908103686834668
